      Age   Gender  ...  Baseline histological Grading  Baselinehistological staging
0       56       1  ...                             13                             2
1       46       1  ...                              4                             2
2       57       1  ...                              4                             4
3       49       2  ...                             10                             3
4       59       1  ...                             11                             1
...    ...     ...  ...                            ...                           ...
1380    44       1  ...                             15                             4
1381    55       1  ...                             10                             2
1382    42       1  ...                              6                             2
1383    52       1  ...                             15                             3
1384    55       2  ...                             13                             3

[1385 rows x 29 columns]
[[-0.90478199  2.64127147  2.24388821 ... -0.66622794  1.28727223
   1.77662748]
 [-1.70852319 -2.02041509  0.6233595  ... -0.76915132 -2.29347502
   1.63648898]
 [ 7.59034526  6.42113369 -1.36631794 ... -0.32484204 -4.46857669
  -1.40180471]
 ...
 [ 5.48099649  0.13804103 -0.8262958  ...  2.17631731 -3.19789689
   2.15826291]
 [-2.0970608  -1.85871978 -1.06480777 ... -0.48571715  0.78785863
   1.3418844 ]
 [ 4.20840207  0.24866115 -1.23077593 ...  1.92694196  1.97919464
   0.76216829]] [0 0 1 ... 0 0 1]
1385
1385
1
0.7848100898163458
0.040297912248752885
2
0.8184965319669731
0.03571075649999373
3
0.8430596640699863
0.025228414702776668
4
0.860388608367964
0.030629832959524626
5
0.8722034794524628
0.027070507357071668
6
0.8823015873015874
0.02415092089174838
7
0.8895186211279424
0.026096074349288925
