      Age   Gender  ...  Baseline histological Grading  Baselinehistological staging
0       56       1  ...                             13                             2
1       46       1  ...                              4                             2
2       57       1  ...                              4                             4
3       49       2  ...                             10                             3
4       59       1  ...                             11                             1
...    ...     ...  ...                            ...                           ...
1380    44       1  ...                             15                             4
1381    55       1  ...                             10                             2
1382    42       1  ...                              6                             2
1383    52       1  ...                             15                             3
1384    55       2  ...                             13                             3

[1385 rows x 29 columns]
[[-0.90478199  2.64127147  2.24388821 ... -0.66622794  1.28727223
   1.77662748]
 [-1.70852319 -2.02041509  0.6233595  ... -0.76915132 -2.29347502
   1.63648898]
 [ 7.59034526  6.42113369 -1.36631794 ... -0.32484204 -4.46857669
  -1.40180471]
 ...
 [ 5.48099649  0.13804103 -0.8262958  ...  2.17631731 -3.19789689
   2.15826291]
 [-2.0970608  -1.85871978 -1.06480777 ... -0.48571715  0.78785863
   1.3418844 ]
 [ 4.20840207  0.24866115 -1.23077593 ...  1.92694196  1.97919464
   0.76216829]] [0 0 1 ... 0 0 1]
1385
1385
10
0.8750899901197055
0.026341821605642766
50
0.8976948379184851
0.025986165917875826
100
0.9070683329113108
0.029115185088482532
500
0.9085331486363705
0.02611862557751175
1000
0.9106949471478718
0.02751774667785552
