        id   chol  stab.glu   hdl  ratio  ...  bp.2s  bp.2d  waist   hip  time.ppn
0     1000  203.0        82  56.0    3.6  ...    NaN    NaN   29.0  38.0     720.0
1     1001  165.0        97  24.0    6.9  ...    NaN    NaN   46.0  48.0     360.0
2     1002  228.0        92  37.0    6.2  ...  185.0   92.0   49.0  57.0     180.0
3     1003   78.0        93  12.0    6.5  ...    NaN    NaN   33.0  38.0     480.0
4     1005  249.0        90  28.0    8.9  ...    NaN    NaN   44.0  41.0     300.0
..     ...    ...       ...   ...    ...  ...    ...    ...    ...   ...       ...
398  41506  296.0       369  46.0    6.4  ...  130.0   94.0   35.0  39.0     210.0
399  41507  284.0        89  54.0    5.3  ...  146.0  102.0   32.0  43.0     180.0
400  41510  194.0       269  38.0    5.1  ...    NaN    NaN   33.0  40.0      20.0
401  41752  199.0        76  52.0    3.8  ...    NaN    NaN   41.0  48.0     255.0
402  41756  159.0        88  79.0    2.0  ...    NaN    NaN   49.0  58.0     900.0

[403 rows x 19 columns]
        id   chol  stab.glu   hdl  ratio  ...  bp.2s  bp.2d  waist   hip  time.ppn
0     1000  203.0        82  56.0    3.6  ...    NaN    NaN   29.0  38.0     720.0
1     1001  165.0        97  24.0    6.9  ...    NaN    NaN   46.0  48.0     360.0
2     1002  228.0        92  37.0    6.2  ...  185.0   92.0   49.0  57.0     180.0
3     1003   78.0        93  12.0    6.5  ...    NaN    NaN   33.0  38.0     480.0
4     1005  249.0        90  28.0    8.9  ...    NaN    NaN   44.0  41.0     300.0
..     ...    ...       ...   ...    ...  ...    ...    ...    ...   ...       ...
398  41506  296.0       369  46.0    6.4  ...  130.0   94.0   35.0  39.0     210.0
399  41507  284.0        89  54.0    5.3  ...  146.0  102.0   32.0  43.0     180.0
400  41510  194.0       269  38.0    5.1  ...    NaN    NaN   33.0  40.0      20.0
401  41752  199.0        76  52.0    3.8  ...    NaN    NaN   41.0  48.0     255.0
402  41756  159.0        88  79.0    2.0  ...    NaN    NaN   49.0  58.0     900.0

[403 rows x 16 columns]
[[1.00000000e+00 1.00000000e+03 2.03000000e+02 ... 9.25248227e+01
  2.90000000e+01 3.80000000e+01]
 [1.00000000e+00 1.00100000e+03 1.65000000e+02 ... 9.25248227e+01
  4.60000000e+01 4.80000000e+01]
 [1.00000000e+00 1.00200000e+03 2.28000000e+02 ... 9.20000000e+01
  4.90000000e+01 5.70000000e+01]
 ...
 [1.00000000e+00 4.15100000e+04 1.94000000e+02 ... 9.25248227e+01
  3.30000000e+01 4.00000000e+01]
 [1.00000000e+00 4.17520000e+04 1.99000000e+02 ... 9.25248227e+01
  4.10000000e+01 4.80000000e+01]
 [1.00000000e+00 4.17560000e+04 1.59000000e+02 ... 9.25248227e+01
  4.90000000e+01 5.80000000e+01]]
[ 720.    360.    180.    480.    300.    195.    720.   1020.    300.
  240.    300.     90.    720.     60.    225.    240.    180.   1440.
  120.    540.   1020.    480.    240.    285.    210.    780.    420.
  510.    720.    450.    540.    780.    225.    330.    720.    780.
  720.    240.     30.    840.    720.    720.     30.    300.     90.
   90.    150.    450.    780.    360.    120.    240.    360.    270.
  780.     60.    540.    180.    195.    720.    300.    720.    420.
  120.    720.    180.    960.    960.   1020.    120.    240.    420.
  120.    240.    300.   1200.    180.    240.    210.    180.    270.
   10.    210.     60.    420.    780.    720.    840.    660.    420.
  690.   1140.    120.     60.     10.    900.   1560.    120.     20.
  390.    780.    600.     10.     45.    780.     60.    240.    300.
  240.    720.    341.25  330.     60.     30.    300.     30.     30.
  720.    210.    120.    120.    300.   1170.    240.    720.    180.
   10.    240.    660.    180.    225.    140.     60.     30.     60.
  855.     90.    960.     90.    315.    210.    600.     30.    120.
 1320.    750.     60.    900.    390.   1080.     30.    720.     60.
  720.    900.     15.    270.    720.    720.    210.    300.     10.
   10.     60.    300.    150.     60.     60.    180.     60.    270.
  420.    240.    210.    990.     90.     90.    780.    360.    480.
  195.     60.    150.     30.    120.     45.     90.    630.    720.
  300.     80.    135.    210.     10.     90.    360.    240.    720.
  720.    120.     15.    780.     60.     30.    435.    120.    150.
  120.     60.    120.    720.     60.    180.    180.    180.    341.25
  720.    720.     60.    720.     90.    720.    240.     60.    240.
  120.    720.    270.    720.    210.    210.    720.     60.     60.
   30.     90.     15.    300.    180.    180.    720.    180.    900.
  720.     20.    240.    240.     60.    300.    180.    240.    900.
  720.    540.    720.    720.    300.    720.    360.    360.     60.
  120.    420.    240.    270.     60.     90.     60.    840.     90.
  480.    341.25  240.    720.    720.    720.    150.    330.    690.
  720.    300.    120.    600.    795.    135.    240.     10.    480.
   10.    375.     30.     30.    150.    270.    570.    720.     30.
  120.    330.     10.      5.     60.     90.    105.     30.   1260.
  390.    420.     15.    420.    270.     60.     45.    180.    390.
  150.     15.    300.    720.    240.     15.    330.    120.     30.
  480.    180.    300.     30.    240.    150.    180.    270.     10.
  300.    240.     20.    330.     20.    240.    150.    300.    540.
  240.    150.    150.     30.     60.    195.     90.    180.    450.
  225.     75.    195.    210.    180.    195.    330.    285.    240.
  150.     15.     60.    210.    210.   1440.    390.    900.   1440.
   90.    260.    240.    270.    270.    180.     15.    480.    240.
  780.    300.     60.    900.     40.    450.   1020.    210.     60.
  180.    180.     30.    480.     60.    540.     60.     60.    480.
  330.    210.    210.    180.     20.    255.    900.  ]
                            OLS Regression Results                            
==============================================================================
Dep. Variable:                      y   R-squared:                       0.063
Model:                            OLS   Adj. R-squared:                  0.029
Method:                 Least Squares   F-statistic:                     1.866
Date:                Tue, 28 Apr 2020   Prob (F-statistic):             0.0285
Time:                        23:58:15   Log-Likelihood:                -2867.9
No. Observations:                 403   AIC:                             5766.
Df Residuals:                     388   BIC:                             5826.
Df Model:                          14                                         
Covariance Type:            nonrobust                                         
==============================================================================
                 coef    std err          t      P>|t|      [0.025      0.975]
------------------------------------------------------------------------------
const        843.3350    385.877      2.186      0.029      84.663    1602.007
x1            -0.0033      0.001     -2.521      0.012      -0.006      -0.001
x2             0.1292      0.667      0.194      0.846      -1.182       1.440
x3            -1.0433      0.435     -2.396      0.017      -1.900      -0.187
x4             1.4072      2.071      0.680      0.497      -2.664       5.479
x5            -3.0585     23.274     -0.131      0.896     -48.818      42.701
x6            27.6141     10.760      2.566      0.011       6.459      48.769
x7            -0.7759      1.192     -0.651      0.515      -3.119       1.567
x8             0.8751      4.307      0.203      0.839      -7.592       9.343
x9            -0.3269      0.827     -0.395      0.693      -1.952       1.299
x10           -0.8805      1.144     -0.769      0.442      -3.130       1.369
x11           -0.0867      1.700     -0.051      0.959      -3.428       3.255
x12            0.3030      1.593      0.190      0.849      -2.830       3.436
x13           -5.2527      2.823     -1.861      0.064     -10.803       0.298
x14            0.7132      5.687      0.125      0.900     -10.468      11.895
==============================================================================
Omnibus:                       66.165   Durbin-Watson:                   1.854
Prob(Omnibus):                  0.000   Jarque-Bera (JB):               95.791
Skew:                           1.093   Prob(JB):                     1.58e-21
Kurtosis:                       3.963   Cond. No.                     5.08e+05
==============================================================================

Warnings:
[1] Standard Errors assume that the covariance matrix of the errors is correctly specified.
[2] The condition number is large, 5.08e+05. This might indicate that there are
strong multicollinearity or other numerical problems.
