     Unnamed: 0  time  status  sex  age  year  thickness  ulcer
0             1    10       3    1   76  1972       6.76      1
1             2    30       3    1   56  1968       0.65      0
2             3    35       2    1   41  1977       1.34      0
3             4    99       3    0   71  1968       2.90      0
4             5   185       1    1   52  1965      12.08      1
..          ...   ...     ...  ...  ...   ...        ...    ...
200         201  4492       2    1   29  1965       7.06      1
201         202  4668       2    0   40  1965       6.12      0
202         203  4688       2    0   42  1965       0.48      0
203         204  4926       2    0   50  1964       2.26      0
204         205  5565       2    0   41  1962       2.90      0

[205 rows x 8 columns]
       1    10  3  1.1  76  1972   6.76  1.2
0      2    30  3    1  56  1968   0.65    0
1      3    35  2    1  41  1977   1.34    0
2      4    99  3    0  71  1968   2.90    0
3      5   185  1    1  52  1965  12.08    1
4      6   204  1    1  28  1971   4.84    1
..   ...   ... ..  ...  ..   ...    ...  ...
199  201  4492  2    1  29  1965   7.06    1
200  202  4668  2    0  40  1965   6.12    0
201  203  4688  2    0  42  1965   0.48    0
202  204  4926  2    0  50  1964   2.26    0
203  205  5565  2    0  41  1962   2.90    0

[204 rows x 8 columns]
------For % of percent testing  set-----
25.0
________________________________________
------Accuracy Score-------
71.15384615384616
------Confusion Matrix----
[[26  0]
 [15 11]]
-----ClasificationReport------
              precision    recall  f1-score   support

         0.0       0.63      1.00      0.78        26
         1.0       1.00      0.42      0.59        26

    accuracy                           0.71        52
   macro avg       0.82      0.71      0.69        52
weighted avg       0.82      0.71      0.69        52

------For % of percent testing  set-----
40.0
________________________________________
------Accuracy Score-------
70.73170731707317
------Confusion Matrix----
[[40  3]
 [21 18]]
-----ClasificationReport------
              precision    recall  f1-score   support

         0.0       0.66      0.93      0.77        43
         1.0       0.86      0.46      0.60        39

    accuracy                           0.71        82
   macro avg       0.76      0.70      0.68        82
weighted avg       0.75      0.71      0.69        82

